<?xml version="1.0" encoding="UTF-8"?>
<coverage generated="1584579975612" clover="3.2.0">
  <project timestamp="1584579975612" name="All files">
    <metrics statements="69" coveredstatements="42" conditionals="30" coveredconditionals="17" methods="13" coveredmethods="7" elements="112" coveredelements="66" complexity="0" loc="69" ncloc="69" packages="2" files="5" classes="5"/>
    <package name="Tests">
      <metrics statements="2" coveredstatements="2" conditionals="0" coveredconditionals="0" methods="0" coveredmethods="0"/>
      <file name="dummyData.js" path="/Users/chris/Documents/Hack Reactor/FEC/abode-similar-homes-monthly-cost-neighborhood-facts/Tests/dummyData.js">
        <metrics statements="2" coveredstatements="2" conditionals="0" coveredconditionals="0" methods="0" coveredmethods="0"/>
        <line num="1" count="1" type="stmt"/>
        <line num="11" count="1" type="stmt"/>
      </file>
    </package>
    <package name="client.src.Components">
      <metrics statements="67" coveredstatements="40" conditionals="30" coveredconditionals="17" methods="13" coveredmethods="7"/>
      <file name="App.jsx" path="/Users/chris/Documents/Hack Reactor/FEC/abode-similar-homes-monthly-cost-neighborhood-facts/client/src/Components/App.jsx">
        <metrics statements="22" coveredstatements="9" conditionals="6" coveredconditionals="2" methods="10" coveredmethods="4"/>
        <line num="14" count="5" type="stmt"/>
        <line num="16" count="5" type="stmt"/>
        <line num="21" count="5" type="stmt"/>
        <line num="22" count="5" type="stmt"/>
        <line num="26" count="5" type="stmt"/>
        <line num="30" count="0" type="stmt"/>
        <line num="36" count="0" type="stmt"/>
        <line num="37" count="0" type="stmt"/>
        <line num="42" count="0" type="stmt"/>
        <line num="45" count="0" type="stmt"/>
        <line num="50" count="5" type="stmt"/>
        <line num="52" count="0" type="stmt"/>
        <line num="53" count="0" type="cond" truecount="0" falsecount="2"/>
        <line num="54" count="0" type="stmt"/>
        <line num="60" count="0" type="stmt"/>
        <line num="66" count="0" type="stmt"/>
        <line num="69" count="0" type="stmt"/>
        <line num="74" count="0" type="stmt"/>
        <line num="75" count="0" type="stmt"/>
        <line num="79" count="5" type="stmt"/>
        <line num="80" count="5" type="cond" truecount="1" falsecount="1"/>
        <line num="81" count="5" type="stmt"/>
      </file>
      <file name="Scores.jsx" path="/Users/chris/Documents/Hack Reactor/FEC/abode-similar-homes-monthly-cost-neighborhood-facts/client/src/Components/Scores.jsx">
        <metrics statements="8" coveredstatements="7" conditionals="8" coveredconditionals="7" methods="1" coveredmethods="1"/>
        <line num="4" count="2" type="stmt"/>
        <line num="8" count="7" type="cond" truecount="4" falsecount="0"/>
        <line num="9" count="4" type="stmt"/>
        <line num="11" count="3" type="stmt"/>
        <line num="14" count="7" type="cond" truecount="3" falsecount="1"/>
        <line num="15" count="0" type="stmt"/>
        <line num="17" count="7" type="stmt"/>
        <line num="20" count="7" type="stmt"/>
      </file>
      <file name="SeeMore.jsx" path="/Users/chris/Documents/Hack Reactor/FEC/abode-similar-homes-monthly-cost-neighborhood-facts/client/src/Components/SeeMore.jsx">
        <metrics statements="2" coveredstatements="2" conditionals="0" coveredconditionals="0" methods="1" coveredmethods="1"/>
        <line num="4" count="1" type="stmt"/>
        <line num="5" count="3" type="stmt"/>
      </file>
      <file name="Stats.jsx" path="/Users/chris/Documents/Hack Reactor/FEC/abode-similar-homes-monthly-cost-neighborhood-facts/client/src/Components/Stats.jsx">
        <metrics statements="35" coveredstatements="22" conditionals="16" coveredconditionals="8" methods="1" coveredmethods="1"/>
        <line num="4" count="1" type="stmt"/>
        <line num="7" count="3" type="stmt"/>
        <line num="9" count="3" type="cond" truecount="1" falsecount="1"/>
        <line num="10" count="0" type="stmt"/>
        <line num="11" count="3" type="cond" truecount="1" falsecount="1"/>
        <line num="12" count="0" type="stmt"/>
        <line num="13" count="0" type="stmt"/>
        <line num="14" count="0" type="stmt"/>
        <line num="16" count="3" type="stmt"/>
        <line num="17" count="3" type="stmt"/>
        <line num="18" count="3" type="stmt"/>
        <line num="23" count="3" type="stmt"/>
        <line num="24" count="3" type="stmt"/>
        <line num="26" count="3" type="cond" truecount="1" falsecount="1"/>
        <line num="27" count="0" type="stmt"/>
        <line num="28" count="3" type="cond" truecount="1" falsecount="1"/>
        <line num="29" count="0" type="stmt"/>
        <line num="30" count="0" type="stmt"/>
        <line num="31" count="0" type="stmt"/>
        <line num="33" count="3" type="stmt"/>
        <line num="34" count="3" type="stmt"/>
        <line num="35" count="3" type="stmt"/>
        <line num="39" count="3" type="stmt"/>
        <line num="43" count="3" type="cond" truecount="1" falsecount="1"/>
        <line num="44" count="0" type="stmt"/>
        <line num="45" count="0" type="stmt"/>
        <line num="46" count="0" type="stmt"/>
        <line num="47" count="0" type="stmt"/>
        <line num="48" count="0" type="stmt"/>
        <line num="50" count="3" type="stmt"/>
        <line num="51" count="3" type="stmt"/>
        <line num="52" count="3" type="stmt"/>
        <line num="53" count="3" type="stmt"/>
        <line num="54" count="3" type="stmt"/>
        <line num="57" count="3" type="stmt"/>
      </file>
    </package>
  </project>
</coverage>
