{"/Users/chris/Documents/Hack Reactor/FEC/abode-similar-homes-monthly-cost-neighborhood-facts/Tests/dummyData.js": {"path":"/Users/chris/Documents/Hack Reactor/FEC/abode-similar-homes-monthly-cost-neighborhood-facts/Tests/dummyData.js","statementMap":{"0":{"start":{"line":1,"column":21},"end":{"line":9,"column":1}},"1":{"start":{"line":11,"column":0},"end":{"line":11,"column":30}}},"fnMap":{},"branchMap":{},"s":{"0":1,"1":1},"f":{},"b":{},"_coverageSchema":"1a1c01bbd47fc00a2c39e90264f33305004495a9","hash":"3fa51a0e8918d3093f94a647ef2198969108411f"}
,"/Users/chris/Documents/Hack Reactor/FEC/abode-similar-homes-monthly-cost-neighborhood-facts/client/src/Components/App.jsx": {"path":"/Users/chris/Documents/Hack Reactor/FEC/abode-similar-homes-monthly-cost-neighborhood-facts/client/src/Components/App.jsx","statementMap":{"0":{"start":{"line":14,"column":4},"end":{"line":14,"column":17}},"1":{"start":{"line":16,"column":4},"end":{"line":20,"column":6}},"2":{"start":{"line":21,"column":4},"end":{"line":21,"column":53}},"3":{"start":{"line":22,"column":4},"end":{"line":22,"column":67}},"4":{"start":{"line":26,"column":4},"end":{"line":26,"column":24}},"5":{"start":{"line":30,"column":4},"end":{"line":46,"column":9}},"6":{"start":{"line":36,"column":26},"end":{"line":36,"column":36}},"7":{"start":{"line":37,"column":8},"end":{"line":41,"column":11}},"8":{"start":{"line":42,"column":8},"end":{"line":42,"column":38}},"9":{"start":{"line":45,"column":8},"end":{"line":45,"column":18}},"10":{"start":{"line":50,"column":4},"end":{"line":70,"column":9}},"11":{"start":{"line":52,"column":40},"end":{"line":52,"column":50}},"12":{"start":{"line":53,"column":8},"end":{"line":65,"column":9}},"13":{"start":{"line":54,"column":10},"end":{"line":58,"column":13}},"14":{"start":{"line":60,"column":10},"end":{"line":64,"column":13}},"15":{"start":{"line":66,"column":8},"end":{"line":66,"column":64}},"16":{"start":{"line":69,"column":8},"end":{"line":69,"column":18}},"17":{"start":{"line":74,"column":23},"end":{"line":74,"column":33}},"18":{"start":{"line":75,"column":4},"end":{"line":75,"column":60}},"19":{"start":{"line":79,"column":36},"end":{"line":79,"column":46}},"20":{"start":{"line":80,"column":25},"end":{"line":80,"column":66}},"21":{"start":{"line":81,"column":4},"end":{"line":90,"column":6}}},"fnMap":{"0":{"name":"(anonymous_0)","decl":{"start":{"line":13,"column":2},"end":{"line":13,"column":3}},"loc":{"start":{"line":13,"column":21},"end":{"line":23,"column":3}},"line":13},"1":{"name":"(anonymous_1)","decl":{"start":{"line":25,"column":2},"end":{"line":25,"column":3}},"loc":{"start":{"line":25,"column":22},"end":{"line":27,"column":3}},"line":25},"2":{"name":"(anonymous_2)","decl":{"start":{"line":29,"column":2},"end":{"line":29,"column":3}},"loc":{"start":{"line":29,"column":36},"end":{"line":47,"column":3}},"line":29},"3":{"name":"(anonymous_3)","decl":{"start":{"line":35,"column":12},"end":{"line":35,"column":13}},"loc":{"start":{"line":35,"column":26},"end":{"line":43,"column":7}},"line":35},"4":{"name":"(anonymous_4)","decl":{"start":{"line":44,"column":13},"end":{"line":44,"column":14}},"loc":{"start":{"line":44,"column":22},"end":{"line":46,"column":7}},"line":44},"5":{"name":"(anonymous_5)","decl":{"start":{"line":49,"column":2},"end":{"line":49,"column":3}},"loc":{"start":{"line":49,"column":17},"end":{"line":71,"column":3}},"line":49},"6":{"name":"(anonymous_6)","decl":{"start":{"line":51,"column":12},"end":{"line":51,"column":13}},"loc":{"start":{"line":51,"column":26},"end":{"line":67,"column":7}},"line":51},"7":{"name":"(anonymous_7)","decl":{"start":{"line":68,"column":13},"end":{"line":68,"column":14}},"loc":{"start":{"line":68,"column":22},"end":{"line":70,"column":7}},"line":68},"8":{"name":"(anonymous_8)","decl":{"start":{"line":73,"column":2},"end":{"line":73,"column":3}},"loc":{"start":{"line":73,"column":25},"end":{"line":76,"column":3}},"line":73},"9":{"name":"(anonymous_9)","decl":{"start":{"line":78,"column":2},"end":{"line":78,"column":3}},"loc":{"start":{"line":78,"column":11},"end":{"line":91,"column":3}},"line":78}},"branchMap":{"0":{"loc":{"start":{"line":53,"column":8},"end":{"line":65,"column":9}},"type":"if","locations":[{"start":{"line":53,"column":8},"end":{"line":65,"column":9}},{"start":{"line":53,"column":8},"end":{"line":65,"column":9}}],"line":53},"1":{"loc":{"start":{"line":80,"column":25},"end":{"line":80,"column":66}},"type":"cond-expr","locations":[{"start":{"line":80,"column":54},"end":{"line":80,"column":58}},{"start":{"line":80,"column":61},"end":{"line":80,"column":66}}],"line":80},"2":{"loc":{"start":{"line":84,"column":25},"end":{"line":84,"column":70}},"type":"cond-expr","locations":[{"start":{"line":84,"column":40},"end":{"line":84,"column":65}},{"start":{"line":84,"column":68},"end":{"line":84,"column":70}}],"line":84}},"s":{"0":5,"1":5,"2":5,"3":5,"4":5,"5":0,"6":0,"7":0,"8":0,"9":0,"10":5,"11":0,"12":0,"13":0,"14":0,"15":0,"16":0,"17":0,"18":0,"19":5,"20":5,"21":5},"f":{"0":5,"1":5,"2":0,"3":0,"4":0,"5":5,"6":0,"7":0,"8":0,"9":5},"b":{"0":[0,0],"1":[5,0],"2":[0,5]},"_coverageSchema":"1a1c01bbd47fc00a2c39e90264f33305004495a9","hash":"f251fc8d4daf980eb0ed432f1cdafc9a57b4673b"}
,"/Users/chris/Documents/Hack Reactor/FEC/abode-similar-homes-monthly-cost-neighborhood-facts/client/src/Components/Scores.jsx": {"path":"/Users/chris/Documents/Hack Reactor/FEC/abode-similar-homes-monthly-cost-neighborhood-facts/client/src/Components/Scores.jsx","statementMap":{"0":{"start":{"line":4,"column":15},"end":{"line":34,"column":1}},"1":{"start":{"line":8,"column":2},"end":{"line":12,"column":3}},"2":{"start":{"line":9,"column":4},"end":{"line":9,"column":34}},"3":{"start":{"line":11,"column":4},"end":{"line":11,"column":39}},"4":{"start":{"line":14,"column":2},"end":{"line":18,"column":3}},"5":{"start":{"line":15,"column":4},"end":{"line":15,"column":41}},"6":{"start":{"line":17,"column":4},"end":{"line":17,"column":41}},"7":{"start":{"line":20,"column":2},"end":{"line":33,"column":4}}},"fnMap":{"0":{"name":"(anonymous_0)","decl":{"start":{"line":4,"column":15},"end":{"line":4,"column":16}},"loc":{"start":{"line":4,"column":37},"end":{"line":34,"column":1}},"line":4}},"branchMap":{"0":{"loc":{"start":{"line":8,"column":2},"end":{"line":12,"column":3}},"type":"if","locations":[{"start":{"line":8,"column":2},"end":{"line":12,"column":3}},{"start":{"line":8,"column":2},"end":{"line":12,"column":3}}],"line":8},"1":{"loc":{"start":{"line":8,"column":6},"end":{"line":8,"column":68}},"type":"binary-expr","locations":[{"start":{"line":8,"column":6},"end":{"line":8,"column":35}},{"start":{"line":8,"column":39},"end":{"line":8,"column":68}}],"line":8},"2":{"loc":{"start":{"line":14,"column":2},"end":{"line":18,"column":3}},"type":"if","locations":[{"start":{"line":14,"column":2},"end":{"line":18,"column":3}},{"start":{"line":14,"column":2},"end":{"line":18,"column":3}}],"line":14},"3":{"loc":{"start":{"line":14,"column":6},"end":{"line":14,"column":74}},"type":"binary-expr","locations":[{"start":{"line":14,"column":6},"end":{"line":14,"column":38}},{"start":{"line":14,"column":42},"end":{"line":14,"column":74}}],"line":14}},"s":{"0":2,"1":7,"2":4,"3":3,"4":7,"5":0,"6":7,"7":7},"f":{"0":7},"b":{"0":[4,3],"1":[7,4],"2":[0,7],"3":[7,4]},"_coverageSchema":"1a1c01bbd47fc00a2c39e90264f33305004495a9","hash":"22dbc941c0a3c7e51fc4d42098c9313f077074e7"}
,"/Users/chris/Documents/Hack Reactor/FEC/abode-similar-homes-monthly-cost-neighborhood-facts/client/src/Components/SeeMore.jsx": {"path":"/Users/chris/Documents/Hack Reactor/FEC/abode-similar-homes-monthly-cost-neighborhood-facts/client/src/Components/SeeMore.jsx","statementMap":{"0":{"start":{"line":4,"column":16},"end":{"line":10,"column":1}},"1":{"start":{"line":5,"column":2},"end":{"line":9,"column":4}}},"fnMap":{"0":{"name":"(anonymous_0)","decl":{"start":{"line":4,"column":16},"end":{"line":4,"column":17}},"loc":{"start":{"line":4,"column":22},"end":{"line":10,"column":1}},"line":4}},"branchMap":{},"s":{"0":1,"1":3},"f":{"0":3},"b":{},"_coverageSchema":"1a1c01bbd47fc00a2c39e90264f33305004495a9","hash":"e285054bbc9f8700f973ffb2e64047b34a70acde"}
,"/Users/chris/Documents/Hack Reactor/FEC/abode-similar-homes-monthly-cost-neighborhood-facts/client/src/Components/Stats.jsx": {"path":"/Users/chris/Documents/Hack Reactor/FEC/abode-similar-homes-monthly-cost-neighborhood-facts/client/src/Components/Stats.jsx","statementMap":{"0":{"start":{"line":4,"column":14},"end":{"line":94,"column":1}},"1":{"start":{"line":7,"column":19},"end":{"line":7,"column":27}},"2":{"start":{"line":9,"column":2},"end":{"line":19,"column":3}},"3":{"start":{"line":10,"column":4},"end":{"line":10,"column":31}},"4":{"start":{"line":11,"column":9},"end":{"line":19,"column":3}},"5":{"start":{"line":12,"column":4},"end":{"line":12,"column":29}},"6":{"start":{"line":13,"column":4},"end":{"line":13,"column":26}},"7":{"start":{"line":14,"column":4},"end":{"line":14,"column":23}},"8":{"start":{"line":16,"column":4},"end":{"line":16,"column":30}},"9":{"start":{"line":17,"column":4},"end":{"line":17,"column":26}},"10":{"start":{"line":18,"column":4},"end":{"line":18,"column":23}},"11":{"start":{"line":23,"column":21},"end":{"line":23,"column":29}},"12":{"start":{"line":24,"column":18},"end":{"line":24,"column":61}},"13":{"start":{"line":26,"column":2},"end":{"line":36,"column":3}},"14":{"start":{"line":27,"column":4},"end":{"line":27,"column":41}},"15":{"start":{"line":28,"column":9},"end":{"line":36,"column":3}},"16":{"start":{"line":29,"column":4},"end":{"line":29,"column":34}},"17":{"start":{"line":30,"column":4},"end":{"line":30,"column":28}},"18":{"start":{"line":31,"column":4},"end":{"line":31,"column":25}},"19":{"start":{"line":33,"column":4},"end":{"line":33,"column":34}},"20":{"start":{"line":34,"column":4},"end":{"line":34,"column":28}},"21":{"start":{"line":35,"column":4},"end":{"line":35,"column":25}},"22":{"start":{"line":39,"column":21},"end":{"line":39,"column":29}},"23":{"start":{"line":43,"column":2},"end":{"line":55,"column":3}},"24":{"start":{"line":44,"column":17},"end":{"line":44,"column":60}},"25":{"start":{"line":45,"column":4},"end":{"line":45,"column":72}},"26":{"start":{"line":46,"column":4},"end":{"line":46,"column":25}},"27":{"start":{"line":47,"column":4},"end":{"line":47,"column":28}},"28":{"start":{"line":48,"column":4},"end":{"line":48,"column":27}},"29":{"start":{"line":50,"column":17},"end":{"line":50,"column":60}},"30":{"start":{"line":51,"column":4},"end":{"line":51,"column":72}},"31":{"start":{"line":52,"column":4},"end":{"line":52,"column":25}},"32":{"start":{"line":53,"column":4},"end":{"line":53,"column":28}},"33":{"start":{"line":54,"column":4},"end":{"line":54,"column":26}},"34":{"start":{"line":57,"column":2},"end":{"line":93,"column":4}}},"fnMap":{"0":{"name":"(anonymous_0)","decl":{"start":{"line":4,"column":14},"end":{"line":4,"column":15}},"loc":{"start":{"line":4,"column":43},"end":{"line":94,"column":1}},"line":4}},"branchMap":{"0":{"loc":{"start":{"line":9,"column":2},"end":{"line":19,"column":3}},"type":"if","locations":[{"start":{"line":9,"column":2},"end":{"line":19,"column":3}},{"start":{"line":9,"column":2},"end":{"line":19,"column":3}}],"line":9},"1":{"loc":{"start":{"line":11,"column":9},"end":{"line":19,"column":3}},"type":"if","locations":[{"start":{"line":11,"column":9},"end":{"line":19,"column":3}},{"start":{"line":11,"column":9},"end":{"line":19,"column":3}}],"line":11},"2":{"loc":{"start":{"line":26,"column":2},"end":{"line":36,"column":3}},"type":"if","locations":[{"start":{"line":26,"column":2},"end":{"line":36,"column":3}},{"start":{"line":26,"column":2},"end":{"line":36,"column":3}}],"line":26},"3":{"loc":{"start":{"line":28,"column":9},"end":{"line":36,"column":3}},"type":"if","locations":[{"start":{"line":28,"column":9},"end":{"line":36,"column":3}},{"start":{"line":28,"column":9},"end":{"line":36,"column":3}}],"line":28},"4":{"loc":{"start":{"line":43,"column":2},"end":{"line":55,"column":3}},"type":"if","locations":[{"start":{"line":43,"column":2},"end":{"line":55,"column":3}},{"start":{"line":43,"column":2},"end":{"line":55,"column":3}}],"line":43},"5":{"loc":{"start":{"line":66,"column":27},"end":{"line":66,"column":82}},"type":"cond-expr","locations":[{"start":{"line":66,"column":61},"end":{"line":66,"column":71}},{"start":{"line":66,"column":74},"end":{"line":66,"column":82}}],"line":66},"6":{"loc":{"start":{"line":73,"column":27},"end":{"line":73,"column":86}},"type":"cond-expr","locations":[{"start":{"line":73,"column":63},"end":{"line":73,"column":75}},{"start":{"line":73,"column":78},"end":{"line":73,"column":86}}],"line":73},"7":{"loc":{"start":{"line":74,"column":27},"end":{"line":74,"column":86}},"type":"cond-expr","locations":[{"start":{"line":74,"column":63},"end":{"line":74,"column":75}},{"start":{"line":74,"column":78},"end":{"line":74,"column":86}}],"line":74}},"s":{"0":1,"1":3,"2":3,"3":0,"4":3,"5":0,"6":0,"7":0,"8":3,"9":3,"10":3,"11":3,"12":3,"13":3,"14":0,"15":3,"16":0,"17":0,"18":0,"19":3,"20":3,"21":3,"22":3,"23":3,"24":0,"25":0,"26":0,"27":0,"28":0,"29":3,"30":3,"31":3,"32":3,"33":3,"34":3},"f":{"0":3},"b":{"0":[0,3],"1":[0,3],"2":[0,3],"3":[0,3],"4":[0,3],"5":[0,3],"6":[0,3],"7":[0,3]},"_coverageSchema":"1a1c01bbd47fc00a2c39e90264f33305004495a9","hash":"ec7b3531cf75ef445bf20c6efa19a4b0737d1a81"}
}
