TN:
SF:Tests/dummyData.js
FNF:0
FNH:0
DA:1,1
DA:11,1
LF:2
LH:2
BRF:0
BRH:0
end_of_record
TN:
SF:client/src/Components/App.jsx
FN:13,(anonymous_0)
FN:25,(anonymous_1)
FN:29,(anonymous_2)
FN:35,(anonymous_3)
FN:44,(anonymous_4)
FN:49,(anonymous_5)
FN:51,(anonymous_6)
FN:68,(anonymous_7)
FN:73,(anonymous_8)
FN:78,(anonymous_9)
FNF:10
FNH:4
FNDA:5,(anonymous_0)
FNDA:5,(anonymous_1)
FNDA:0,(anonymous_2)
FNDA:0,(anonymous_3)
FNDA:0,(anonymous_4)
FNDA:5,(anonymous_5)
FNDA:0,(anonymous_6)
FNDA:0,(anonymous_7)
FNDA:0,(anonymous_8)
FNDA:5,(anonymous_9)
DA:14,5
DA:16,5
DA:21,5
DA:22,5
DA:26,5
DA:30,0
DA:36,0
DA:37,0
DA:42,0
DA:45,0
DA:50,5
DA:52,0
DA:53,0
DA:54,0
DA:60,0
DA:66,0
DA:69,0
DA:74,0
DA:75,0
DA:79,5
DA:80,5
DA:81,5
LF:22
LH:9
BRDA:53,0,0,0
BRDA:53,0,1,0
BRDA:80,1,0,5
BRDA:80,1,1,0
BRDA:84,2,0,0
BRDA:84,2,1,5
BRF:6
BRH:2
end_of_record
TN:
SF:client/src/Components/Scores.jsx
FN:4,(anonymous_0)
FNF:1
FNH:1
FNDA:7,(anonymous_0)
DA:4,2
DA:8,7
DA:9,4
DA:11,3
DA:14,7
DA:15,0
DA:17,7
DA:20,7
LF:8
LH:7
BRDA:8,0,0,4
BRDA:8,0,1,3
BRDA:8,1,0,7
BRDA:8,1,1,4
BRDA:14,2,0,0
BRDA:14,2,1,7
BRDA:14,3,0,7
BRDA:14,3,1,4
BRF:8
BRH:7
end_of_record
TN:
SF:client/src/Components/SeeMore.jsx
FN:4,(anonymous_0)
FNF:1
FNH:1
FNDA:3,(anonymous_0)
DA:4,1
DA:5,3
LF:2
LH:2
BRF:0
BRH:0
end_of_record
TN:
SF:client/src/Components/Stats.jsx
FN:4,(anonymous_0)
FNF:1
FNH:1
FNDA:3,(anonymous_0)
DA:4,1
DA:7,3
DA:9,3
DA:10,0
DA:11,3
DA:12,0
DA:13,0
DA:14,0
DA:16,3
DA:17,3
DA:18,3
DA:23,3
DA:24,3
DA:26,3
DA:27,0
DA:28,3
DA:29,0
DA:30,0
DA:31,0
DA:33,3
DA:34,3
DA:35,3
DA:39,3
DA:43,3
DA:44,0
DA:45,0
DA:46,0
DA:47,0
DA:48,0
DA:50,3
DA:51,3
DA:52,3
DA:53,3
DA:54,3
DA:57,3
LF:35
LH:22
BRDA:9,0,0,0
BRDA:9,0,1,3
BRDA:11,1,0,0
BRDA:11,1,1,3
BRDA:26,2,0,0
BRDA:26,2,1,3
BRDA:28,3,0,0
BRDA:28,3,1,3
BRDA:43,4,0,0
BRDA:43,4,1,3
BRDA:66,5,0,0
BRDA:66,5,1,3
BRDA:73,6,0,0
BRDA:73,6,1,3
BRDA:74,7,0,0
BRDA:74,7,1,3
BRF:16
BRH:8
end_of_record
